QuestaSim vlog 10.6c Compiler 2017.07 Jul 25 2017
Start time: 16:46:27 on Apr 02,2025
vlog -sv "+acc" "+cover" "+fcover" -l ahb_compile.log -f ../ahb_compile.f 
-- Compiling package AhbGlobalPackage
-- Compiling package AhbMasterPackage
** Note: (vlog-2286) ../../src/hvlTop/masterAgent/AhbMasterPackage.sv(6): Using implicit +incdir+/tools/mentor/questasim_10.6c/questasim/uvm-1.1d/../verilog_src/uvm-1.1d/src from import uvm_pkg
-- Importing package mtiUvm.uvm_pkg (uvm-1.1d Built-in)
-- Importing package AhbGlobalPackage
-- Compiling package AhbSlavePackage
-- Compiling package AhbMasterSequencePackage
-- Importing package AhbMasterPackage
-- Compiling package AhbSlaveSequencePackage
-- Importing package AhbSlavePackage
-- Compiling package AhbEnvironmentPackage
-- Compiling package AhbVirtualSequencePackage
-- Importing package AhbMasterSequencePackage
-- Importing package AhbSlaveSequencePackage
-- Importing package AhbEnvironmentPackage
-- Compiling package AhbTestPackage
-- Importing package AhbVirtualSequencePackage
-- Compiling package AhbInterface_sv_unit
-- Importing package AhbGlobalPackage
-- Compiling interface AhbInterface
-- Compiling package AhbMasterDriverBFM_sv_unit
-- Importing package AhbGlobalPackage
-- Compiling interface AhbMasterDriverBFM
-- Importing package AhbMasterPackage
-- Importing package mtiUvm.uvm_pkg (uvm-1.1d Built-in)
-- Compiling package AhbMasterMonitorBFM_sv_unit
-- Importing package AhbGlobalPackage
-- Compiling interface AhbMasterMonitorBFM
-- Importing package mtiUvm.uvm_pkg (uvm-1.1d Built-in)
-- Importing package AhbMasterPackage
-- Compiling module AhbMasterAgentBFM
-- Compiling package AhbMasterAssertion_sv_unit
-- Importing package AhbGlobalPackage
-- Compiling interface AhbMasterAssertion
-- Importing package mtiUvm.uvm_pkg (uvm-1.1d Built-in)
-- Compiling package AhbSlaveDriverBFM_sv_unit
-- Importing package AhbGlobalPackage
-- Compiling interface AhbSlaveDriverBFM
-- Importing package AhbSlavePackage
-- Importing package mtiUvm.uvm_pkg (uvm-1.1d Built-in)
-- Compiling package AhbSlaveMonitorBFM_sv_unit
-- Importing package AhbGlobalPackage
-- Compiling interface AhbSlaveMonitorBFM
-- Importing package mtiUvm.uvm_pkg (uvm-1.1d Built-in)
-- Importing package AhbSlavePackage
-- Compiling module AhbSlaveAgentBFM
-- Compiling package AhbSlaveAssertion_sv_unit
-- Importing package AhbGlobalPackage
-- Compiling interface AhbSlaveAssertion
-- Compiling package AhbMasterCoverProperty_sv_unit
-- Importing package AhbGlobalPackage
-- Compiling interface AhbMasterCoverProperty
-- Importing package mtiUvm.uvm_pkg (uvm-1.1d Built-in)
-- Compiling package AhbSlaveCoverProperty_sv_unit
-- Importing package AhbGlobalPackage
-- Compiling interface AhbSlaveCoverProperty
-- Importing package mtiUvm.uvm_pkg (uvm-1.1d Built-in)
-- Compiling module HdlTop
-- Compiling module HvlTop
-- Importing package AhbTestPackage
-- Importing package AhbMasterPackage
-- Importing package AhbSlavePackage
-- Importing package AhbEnvironmentPackage
-- Importing package AhbMasterSequencePackage
-- Importing package AhbSlaveSequencePackage
-- Importing package AhbVirtualSequencePackage

Top level modules:
	HdlTop
	HvlTop
End time: 16:46:30 on Apr 02,2025, Elapsed time: 0:00:03
Errors: 0, Warnings: 0
